<?xml version="1.0" encoding="UTF-8"?>
<!-- Generated by org.testng.reporters.JUnitReportReporter -->
<testsuite skipped="0" hostname="DESKTOP-LAO6R8V" name="com.ultimateqa.testsuite.LoginPageTest" tests="2" failures="0" timestamp="2022-12-13T14:10:04 GMT" time="13.854" errors="0">
  <testcase name="VerifyUserShouldNotLoginWithInvalidDataAndVerifyErrorMessage" time="8.532" classname="com.ultimateqa.testsuite.LoginPageTest"/>
  <system-out>
    <![CDATA[Click on sign in link[[ChromeDriver: chrome on WINDOWS (42a0ff1945a2783431905e11788753af)] -> xpath: //a[contains(text(),'Sign In')]]
Enter emailAdmin123@gmail.comaddress
Enter passwordabc123
Click On Sign in button [[ChromeDriver: chrome on WINDOWS (42a0ff1945a2783431905e11788753af)] -> xpath: //button[contains(text(),'Sign in')]]
Get error message [[ChromeDriver: chrome on WINDOWS (42a0ff1945a2783431905e11788753af)] -> xpath: //li[contains(text(),"Invalid email or password.")]]]]>
  </system-out>
  <testcase name="verifyUserShouldDNavigateToLoginPageSuccessfully" time="5.322" classname="com.ultimateqa.testsuite.LoginPageTest"/>
  <system-out>
    <![CDATA[Click on sign in link[[ChromeDriver: chrome on WINDOWS (22ed676efdf970b934cd75279929eb36)] -> xpath: //a[contains(text(),'Sign In')]]
Get welcome text[[ChromeDriver: chrome on WINDOWS (22ed676efdf970b934cd75279929eb36)] -> xpath: //h2[contains(text(),'Welcome Back!')]]]]>
  </system-out>
</testsuite> <!-- com.ultimateqa.testsuite.LoginPageTest -->
